  Geri y├╝klenecek projeler belirleniyor...
  Geri y├╝kleme i├ğin t├╝m projeler g├╝ncel.
  Novelytical.Data -> C:\Users\Yasir2.Prenses\Novelytical\Novelytical.Data\bin\Debug\net9.0\Novelytical.Data.dll
C:\Users\Yasir2.Prenses\.nuget\packages\microsoft.net.test.sdk\17.12.0\build\netcoreapp3.1\Microsoft.NET.Test.Sdk.Program.cs(4,41): warning CS7022: Program─▒n giri┼ş noktas─▒ genel koddur; 'AutoGeneratedProgram.Main(string[])' giri┼ş noktas─▒ yoksay─▒l─▒yor. [C:\Users\Yasir2.Prenses\Novelytical\Novelytical.Tests\Novelytical.Tests.csproj]
C:\Users\Yasir2.Prenses\Novelytical\Novelytical.Tests\TokenizerTest.cs(13,29): error CS1061: 'Tokenizer' bir 'Encode' tan─▒m─▒ i├ğermiyor ve 'Tokenizer' t├╝r├╝nde bir ilk ba─ş─▒ms─▒z de─şi┼şken kabul eden hi├ğbir eri┼şilebilir 'Encode' geni┼şletme y├Ântemi bulunamad─▒ (bir kullanma y├Ânergeniz veya derleme ba┼şvurunuz eksik olabilir mi?) [C:\Users\Yasir2.Prenses\Novelytical\Novelytical.Tests\Novelytical.Tests.csproj]

Olu┼şturma BA┼ŞARISIZ OLDU.

C:\Users\Yasir2.Prenses\.nuget\packages\microsoft.net.test.sdk\17.12.0\build\netcoreapp3.1\Microsoft.NET.Test.Sdk.Program.cs(4,41): warning CS7022: Program─▒n giri┼ş noktas─▒ genel koddur; 'AutoGeneratedProgram.Main(string[])' giri┼ş noktas─▒ yoksay─▒l─▒yor. [C:\Users\Yasir2.Prenses\Novelytical\Novelytical.Tests\Novelytical.Tests.csproj]
C:\Users\Yasir2.Prenses\Novelytical\Novelytical.Tests\TokenizerTest.cs(13,29): error CS1061: 'Tokenizer' bir 'Encode' tan─▒m─▒ i├ğermiyor ve 'Tokenizer' t├╝r├╝nde bir ilk ba─ş─▒ms─▒z de─şi┼şken kabul eden hi├ğbir eri┼şilebilir 'Encode' geni┼şletme y├Ântemi bulunamad─▒ (bir kullanma y├Ânergeniz veya derleme ba┼şvurunuz eksik olabilir mi?) [C:\Users\Yasir2.Prenses\Novelytical\Novelytical.Tests\Novelytical.Tests.csproj]
    1 Uyar─▒
    1 Hata

Ge├ğen S├╝re 00:00:00.91
